{
  "0 debug pnpm:scope": {
    "selected": 1
  },
  "1 error pnpm": {
    "errno": 1,
    "code": "ELIFECYCLE",
    "pkgid": "powerful-admin@0.1.0",
    "stage": "serve",
    "script": "vite",
    "pkgname": "powerful-admin",
    "err": {
      "name": "pnpm",
      "message": "powerful-admin@0.1.0 serve: `vite`\nExit status 1",
      "code": "ELIFECYCLE",
      "stack": "pnpm: powerful-admin@0.1.0 serve: `vite`\nExit status 1\n    at EventEmitter.<anonymous> (D:\\node\\node_global\\node_modules\\pnpm\\dist\\pnpm.cjs:103336:20)\n    at EventEmitter.emit (events.js:315:20)\n    at ChildProcess.<anonymous> (D:\\node\\node_global\\node_modules\\pnpm\\dist\\pnpm.cjs:91276:18)\n    at ChildProcess.emit (events.js:315:20)\n    at maybeClose (internal/child_process.js:1051:16)\n    at Process.ChildProcess._handle.onexit (internal/child_process.js:287:5)"
    }
  },
  "2 warn pnpm:global": " Local package.json exists, but node_modules missing, did you mean to install?"
}